
 /----------------------------------------------------------------------------\
 |                                                                            |
 |  yosys -- Yosys Open SYnthesis Suite                                       |
 |                                                                            |
 |  Copyright (C) 2012 - 2020  Claire Wolf <claire@symbioticeda.com>          |
 |                                                                            |
 |  Permission to use, copy, modify, and/or distribute this software for any  |
 |  purpose with or without fee is hereby granted, provided that the above    |
 |  copyright notice and this permission notice appear in all copies.         |
 |                                                                            |
 |  THE SOFTWARE IS PROVIDED "AS IS" AND THE AUTHOR DISCLAIMS ALL WARRANTIES  |
 |  WITH REGARD TO THIS SOFTWARE INCLUDING ALL IMPLIED WARRANTIES OF          |
 |  MERCHANTABILITY AND FITNESS. IN NO EVENT SHALL THE AUTHOR BE LIABLE FOR   |
 |  ANY SPECIAL, DIRECT, INDIRECT, OR CONSEQUENTIAL DAMAGES OR ANY DAMAGES    |
 |  WHATSOEVER RESULTING FROM LOSS OF USE, DATA OR PROFITS, WHETHER IN AN     |
 |  ACTION OF CONTRACT, NEGLIGENCE OR OTHER TORTIOUS ACTION, ARISING OUT OF   |
 |  OR IN CONNECTION WITH THE USE OR PERFORMANCE OF THIS SOFTWARE.            |
 |                                                                            |
 \----------------------------------------------------------------------------/

 Yosys 0.9+3814 (git sha1 da1d06d7, gcc 10.2.0-13ubuntu1 -fPIC -Os)


-- Executing script file `syn_ice40.ys' --

1. Executing Verilog-2005 frontend: ../../source/Adder.v
Parsing Verilog input from `../../source/Adder.v' to AST representation.
Generating RTLIL representation for module `\Adder'.
Successfully finished Verilog frontend.

2. Executing SYNTH_ICE40 pass.

2.1. Executing Verilog-2005 frontend: /usr/local/bin/../share/yosys/ice40/cells_sim.v
Parsing Verilog input from `/usr/local/bin/../share/yosys/ice40/cells_sim.v' to AST representation.
Generating RTLIL representation for module `\SB_IO'.
Generating RTLIL representation for module `\SB_GB_IO'.
Generating RTLIL representation for module `\SB_GB'.
Generating RTLIL representation for module `\SB_LUT4'.
Generating RTLIL representation for module `\SB_CARRY'.
Generating RTLIL representation for module `\SB_DFF'.
Generating RTLIL representation for module `\SB_DFFE'.
Generating RTLIL representation for module `\SB_DFFSR'.
Generating RTLIL representation for module `\SB_DFFR'.
Generating RTLIL representation for module `\SB_DFFSS'.
Generating RTLIL representation for module `\SB_DFFS'.
Generating RTLIL representation for module `\SB_DFFESR'.
Generating RTLIL representation for module `\SB_DFFER'.
Generating RTLIL representation for module `\SB_DFFESS'.
Generating RTLIL representation for module `\SB_DFFES'.
Generating RTLIL representation for module `\SB_DFFN'.
Generating RTLIL representation for module `\SB_DFFNE'.
Generating RTLIL representation for module `\SB_DFFNSR'.
Generating RTLIL representation for module `\SB_DFFNR'.
Generating RTLIL representation for module `\SB_DFFNSS'.
Generating RTLIL representation for module `\SB_DFFNS'.
Generating RTLIL representation for module `\SB_DFFNESR'.
Generating RTLIL representation for module `\SB_DFFNER'.
Generating RTLIL representation for module `\SB_DFFNESS'.
Generating RTLIL representation for module `\SB_DFFNES'.
Generating RTLIL representation for module `\SB_RAM40_4K'.
Generating RTLIL representation for module `\SB_RAM40_4KNR'.
Generating RTLIL representation for module `\SB_RAM40_4KNW'.
Generating RTLIL representation for module `\SB_RAM40_4KNRNW'.
Generating RTLIL representation for module `\ICESTORM_LC'.
Generating RTLIL representation for module `\SB_PLL40_CORE'.
Generating RTLIL representation for module `\SB_PLL40_PAD'.
Generating RTLIL representation for module `\SB_PLL40_2_PAD'.
Generating RTLIL representation for module `\SB_PLL40_2F_CORE'.
Generating RTLIL representation for module `\SB_PLL40_2F_PAD'.
Generating RTLIL representation for module `\SB_WARMBOOT'.
Generating RTLIL representation for module `\SB_SPRAM256KA'.
Generating RTLIL representation for module `\SB_HFOSC'.
Generating RTLIL representation for module `\SB_LFOSC'.
Generating RTLIL representation for module `\SB_RGBA_DRV'.
Generating RTLIL representation for module `\SB_LED_DRV_CUR'.
Generating RTLIL representation for module `\SB_RGB_DRV'.
Generating RTLIL representation for module `\SB_I2C'.
Generating RTLIL representation for module `\SB_SPI'.
Generating RTLIL representation for module `\SB_LEDDA_IP'.
Generating RTLIL representation for module `\SB_FILTER_50NS'.
Generating RTLIL representation for module `\SB_IO_I3C'.
Generating RTLIL representation for module `\SB_IO_OD'.
Generating RTLIL representation for module `\SB_MAC16'.
Generating RTLIL representation for module `\ICESTORM_RAM'.
Successfully finished Verilog frontend.

2.2. Executing HIERARCHY pass (managing design hierarchy).

2.2.1. Analyzing design hierarchy..
Top module:  \Adder

2.2.2. Analyzing design hierarchy..
Top module:  \Adder
Removed 0 unused modules.

2.3. Executing PROC pass (convert processes to netlists).

2.3.1. Executing PROC_CLEAN pass (remove empty switches from decision trees).
Cleaned up 0 empty switches.

2.3.2. Executing PROC_RMDEAD pass (remove dead branches from decision trees).
Marked 1 switch rules as full_case in process $proc$/usr/local/bin/../share/yosys/ice40/cells_sim.v:1330$251 in module SB_DFFNES.
Marked 1 switch rules as full_case in process $proc$/usr/local/bin/../share/yosys/ice40/cells_sim.v:1274$244 in module SB_DFFNESS.
Marked 1 switch rules as full_case in process $proc$/usr/local/bin/../share/yosys/ice40/cells_sim.v:1199$240 in module SB_DFFNER.
Marked 1 switch rules as full_case in process $proc$/usr/local/bin/../share/yosys/ice40/cells_sim.v:1143$233 in module SB_DFFNESR.
Marked 1 switch rules as full_case in process $proc$/usr/local/bin/../share/yosys/ice40/cells_sim.v:1074$230 in module SB_DFFNS.
Marked 1 switch rules as full_case in process $proc$/usr/local/bin/../share/yosys/ice40/cells_sim.v:1026$227 in module SB_DFFNSS.
Marked 1 switch rules as full_case in process $proc$/usr/local/bin/../share/yosys/ice40/cells_sim.v:957$224 in module SB_DFFNR.
Marked 1 switch rules as full_case in process $proc$/usr/local/bin/../share/yosys/ice40/cells_sim.v:909$221 in module SB_DFFNSR.
Marked 1 switch rules as full_case in process $proc$/usr/local/bin/../share/yosys/ice40/cells_sim.v:753$213 in module SB_DFFES.
Marked 1 switch rules as full_case in process $proc$/usr/local/bin/../share/yosys/ice40/cells_sim.v:697$206 in module SB_DFFESS.
Marked 1 switch rules as full_case in process $proc$/usr/local/bin/../share/yosys/ice40/cells_sim.v:622$202 in module SB_DFFER.
Marked 1 switch rules as full_case in process $proc$/usr/local/bin/../share/yosys/ice40/cells_sim.v:566$195 in module SB_DFFESR.
Marked 1 switch rules as full_case in process $proc$/usr/local/bin/../share/yosys/ice40/cells_sim.v:497$192 in module SB_DFFS.
Marked 1 switch rules as full_case in process $proc$/usr/local/bin/../share/yosys/ice40/cells_sim.v:449$189 in module SB_DFFSS.
Marked 1 switch rules as full_case in process $proc$/usr/local/bin/../share/yosys/ice40/cells_sim.v:380$186 in module SB_DFFR.
Marked 1 switch rules as full_case in process $proc$/usr/local/bin/../share/yosys/ice40/cells_sim.v:332$183 in module SB_DFFSR.
Marked 4 switch rules as full_case in process $proc$../../source/Adder.v:94$2 in module Adder.
Removed a total of 0 dead cases.

2.3.3. Executing PROC_PRUNE pass (remove redundant assignments in processes).
Removed 11 redundant assignments.
Promoted 22 assignments to connections.

2.3.4. Executing PROC_INIT pass (extract init attributes).
Found init rule in `\SB_DFFNES.$proc$/usr/local/bin/../share/yosys/ice40/cells_sim.v:0$254'.
  Set init value: \Q = 1'0
Found init rule in `\SB_DFFNESS.$proc$/usr/local/bin/../share/yosys/ice40/cells_sim.v:0$250'.
  Set init value: \Q = 1'0
Found init rule in `\SB_DFFNER.$proc$/usr/local/bin/../share/yosys/ice40/cells_sim.v:0$243'.
  Set init value: \Q = 1'0
Found init rule in `\SB_DFFNESR.$proc$/usr/local/bin/../share/yosys/ice40/cells_sim.v:0$239'.
  Set init value: \Q = 1'0
Found init rule in `\SB_DFFNS.$proc$/usr/local/bin/../share/yosys/ice40/cells_sim.v:0$232'.
  Set init value: \Q = 1'0
Found init rule in `\SB_DFFNSS.$proc$/usr/local/bin/../share/yosys/ice40/cells_sim.v:0$229'.
  Set init value: \Q = 1'0
Found init rule in `\SB_DFFNR.$proc$/usr/local/bin/../share/yosys/ice40/cells_sim.v:0$226'.
  Set init value: \Q = 1'0
Found init rule in `\SB_DFFNSR.$proc$/usr/local/bin/../share/yosys/ice40/cells_sim.v:0$223'.
  Set init value: \Q = 1'0
Found init rule in `\SB_DFFNE.$proc$/usr/local/bin/../share/yosys/ice40/cells_sim.v:0$220'.
  Set init value: \Q = 1'0
Found init rule in `\SB_DFFN.$proc$/usr/local/bin/../share/yosys/ice40/cells_sim.v:0$218'.
  Set init value: \Q = 1'0
Found init rule in `\SB_DFFES.$proc$/usr/local/bin/../share/yosys/ice40/cells_sim.v:0$216'.
  Set init value: \Q = 1'0
Found init rule in `\SB_DFFESS.$proc$/usr/local/bin/../share/yosys/ice40/cells_sim.v:0$212'.
  Set init value: \Q = 1'0
Found init rule in `\SB_DFFER.$proc$/usr/local/bin/../share/yosys/ice40/cells_sim.v:0$205'.
  Set init value: \Q = 1'0
Found init rule in `\SB_DFFESR.$proc$/usr/local/bin/../share/yosys/ice40/cells_sim.v:0$201'.
  Set init value: \Q = 1'0
Found init rule in `\SB_DFFS.$proc$/usr/local/bin/../share/yosys/ice40/cells_sim.v:0$194'.
  Set init value: \Q = 1'0
Found init rule in `\SB_DFFSS.$proc$/usr/local/bin/../share/yosys/ice40/cells_sim.v:0$191'.
  Set init value: \Q = 1'0
Found init rule in `\SB_DFFR.$proc$/usr/local/bin/../share/yosys/ice40/cells_sim.v:0$188'.
  Set init value: \Q = 1'0
Found init rule in `\SB_DFFSR.$proc$/usr/local/bin/../share/yosys/ice40/cells_sim.v:0$185'.
  Set init value: \Q = 1'0
Found init rule in `\SB_DFFE.$proc$/usr/local/bin/../share/yosys/ice40/cells_sim.v:0$182'.
  Set init value: \Q = 1'0
Found init rule in `\SB_DFF.$proc$/usr/local/bin/../share/yosys/ice40/cells_sim.v:0$180'.
  Set init value: \Q = 1'0

2.3.5. Executing PROC_ARST pass (detect async resets in processes).
Found async reset \S in `\SB_DFFNES.$proc$/usr/local/bin/../share/yosys/ice40/cells_sim.v:1330$251'.
Found async reset \R in `\SB_DFFNER.$proc$/usr/local/bin/../share/yosys/ice40/cells_sim.v:1199$240'.
Found async reset \S in `\SB_DFFNS.$proc$/usr/local/bin/../share/yosys/ice40/cells_sim.v:1074$230'.
Found async reset \R in `\SB_DFFNR.$proc$/usr/local/bin/../share/yosys/ice40/cells_sim.v:957$224'.
Found async reset \S in `\SB_DFFES.$proc$/usr/local/bin/../share/yosys/ice40/cells_sim.v:753$213'.
Found async reset \R in `\SB_DFFER.$proc$/usr/local/bin/../share/yosys/ice40/cells_sim.v:622$202'.
Found async reset \S in `\SB_DFFS.$proc$/usr/local/bin/../share/yosys/ice40/cells_sim.v:497$192'.
Found async reset \R in `\SB_DFFR.$proc$/usr/local/bin/../share/yosys/ice40/cells_sim.v:380$186'.

2.3.6. Executing PROC_MUX pass (convert decision trees to multiplexers).
Creating decoders for process `\SB_DFFNES.$proc$/usr/local/bin/../share/yosys/ice40/cells_sim.v:0$254'.
Creating decoders for process `\SB_DFFNES.$proc$/usr/local/bin/../share/yosys/ice40/cells_sim.v:1330$251'.
     1/1: $0\Q[0:0]
Creating decoders for process `\SB_DFFNESS.$proc$/usr/local/bin/../share/yosys/ice40/cells_sim.v:0$250'.
Creating decoders for process `\SB_DFFNESS.$proc$/usr/local/bin/../share/yosys/ice40/cells_sim.v:1274$244'.
     1/1: $0\Q[0:0]
Creating decoders for process `\SB_DFFNER.$proc$/usr/local/bin/../share/yosys/ice40/cells_sim.v:0$243'.
Creating decoders for process `\SB_DFFNER.$proc$/usr/local/bin/../share/yosys/ice40/cells_sim.v:1199$240'.
     1/1: $0\Q[0:0]
Creating decoders for process `\SB_DFFNESR.$proc$/usr/local/bin/../share/yosys/ice40/cells_sim.v:0$239'.
Creating decoders for process `\SB_DFFNESR.$proc$/usr/local/bin/../share/yosys/ice40/cells_sim.v:1143$233'.
     1/1: $0\Q[0:0]
Creating decoders for process `\SB_DFFNS.$proc$/usr/local/bin/../share/yosys/ice40/cells_sim.v:0$232'.
Creating decoders for process `\SB_DFFNS.$proc$/usr/local/bin/../share/yosys/ice40/cells_sim.v:1074$230'.
     1/1: $0\Q[0:0]
Creating decoders for process `\SB_DFFNSS.$proc$/usr/local/bin/../share/yosys/ice40/cells_sim.v:0$229'.
Creating decoders for process `\SB_DFFNSS.$proc$/usr/local/bin/../share/yosys/ice40/cells_sim.v:1026$227'.
     1/1: $0\Q[0:0]
Creating decoders for process `\SB_DFFNR.$proc$/usr/local/bin/../share/yosys/ice40/cells_sim.v:0$226'.
Creating decoders for process `\SB_DFFNR.$proc$/usr/local/bin/../share/yosys/ice40/cells_sim.v:957$224'.
     1/1: $0\Q[0:0]
Creating decoders for process `\SB_DFFNSR.$proc$/usr/local/bin/../share/yosys/ice40/cells_sim.v:0$223'.
Creating decoders for process `\SB_DFFNSR.$proc$/usr/local/bin/../share/yosys/ice40/cells_sim.v:909$221'.
     1/1: $0\Q[0:0]
Creating decoders for process `\SB_DFFNE.$proc$/usr/local/bin/../share/yosys/ice40/cells_sim.v:0$220'.
Creating decoders for process `\SB_DFFNE.$proc$/usr/local/bin/../share/yosys/ice40/cells_sim.v:866$219'.
     1/1: $0\Q[0:0]
Creating decoders for process `\SB_DFFN.$proc$/usr/local/bin/../share/yosys/ice40/cells_sim.v:0$218'.
Creating decoders for process `\SB_DFFN.$proc$/usr/local/bin/../share/yosys/ice40/cells_sim.v:830$217'.
Creating decoders for process `\SB_DFFES.$proc$/usr/local/bin/../share/yosys/ice40/cells_sim.v:0$216'.
Creating decoders for process `\SB_DFFES.$proc$/usr/local/bin/../share/yosys/ice40/cells_sim.v:753$213'.
     1/1: $0\Q[0:0]
Creating decoders for process `\SB_DFFESS.$proc$/usr/local/bin/../share/yosys/ice40/cells_sim.v:0$212'.
Creating decoders for process `\SB_DFFESS.$proc$/usr/local/bin/../share/yosys/ice40/cells_sim.v:697$206'.
     1/1: $0\Q[0:0]
Creating decoders for process `\SB_DFFER.$proc$/usr/local/bin/../share/yosys/ice40/cells_sim.v:0$205'.
Creating decoders for process `\SB_DFFER.$proc$/usr/local/bin/../share/yosys/ice40/cells_sim.v:622$202'.
     1/1: $0\Q[0:0]
Creating decoders for process `\SB_DFFESR.$proc$/usr/local/bin/../share/yosys/ice40/cells_sim.v:0$201'.
Creating decoders for process `\SB_DFFESR.$proc$/usr/local/bin/../share/yosys/ice40/cells_sim.v:566$195'.
     1/1: $0\Q[0:0]
Creating decoders for process `\SB_DFFS.$proc$/usr/local/bin/../share/yosys/ice40/cells_sim.v:0$194'.
Creating decoders for process `\SB_DFFS.$proc$/usr/local/bin/../share/yosys/ice40/cells_sim.v:497$192'.
     1/1: $0\Q[0:0]
Creating decoders for process `\SB_DFFSS.$proc$/usr/local/bin/../share/yosys/ice40/cells_sim.v:0$191'.
Creating decoders for process `\SB_DFFSS.$proc$/usr/local/bin/../share/yosys/ice40/cells_sim.v:449$189'.
     1/1: $0\Q[0:0]
Creating decoders for process `\SB_DFFR.$proc$/usr/local/bin/../share/yosys/ice40/cells_sim.v:0$188'.
Creating decoders for process `\SB_DFFR.$proc$/usr/local/bin/../share/yosys/ice40/cells_sim.v:380$186'.
     1/1: $0\Q[0:0]
Creating decoders for process `\SB_DFFSR.$proc$/usr/local/bin/../share/yosys/ice40/cells_sim.v:0$185'.
Creating decoders for process `\SB_DFFSR.$proc$/usr/local/bin/../share/yosys/ice40/cells_sim.v:332$183'.
     1/1: $0\Q[0:0]
Creating decoders for process `\SB_DFFE.$proc$/usr/local/bin/../share/yosys/ice40/cells_sim.v:0$182'.
Creating decoders for process `\SB_DFFE.$proc$/usr/local/bin/../share/yosys/ice40/cells_sim.v:289$181'.
     1/1: $0\Q[0:0]
Creating decoders for process `\SB_DFF.$proc$/usr/local/bin/../share/yosys/ice40/cells_sim.v:0$180'.
Creating decoders for process `\SB_DFF.$proc$/usr/local/bin/../share/yosys/ice40/cells_sim.v:253$179'.
Creating decoders for process `\Adder.$proc$../../source/Adder.v:94$2'.
     1/4: $0\r_adder_ack[0:0]
     2/4: $0\r_adder_stall[0:0]
     3/4: $0\r_adder_stb[0:0]
     4/4: $0\r_adder_result[0:0]

2.3.7. Executing PROC_DLATCH pass (convert process syncs to latches).

2.3.8. Executing PROC_DFF pass (convert process syncs to FFs).
Creating register for signal `\SB_DFFNES.\Q' using process `\SB_DFFNES.$proc$/usr/local/bin/../share/yosys/ice40/cells_sim.v:1330$251'.
  created $adff cell `$procdff$464' with negative edge clock and positive level reset.
Creating register for signal `\SB_DFFNESS.\Q' using process `\SB_DFFNESS.$proc$/usr/local/bin/../share/yosys/ice40/cells_sim.v:1274$244'.
  created $dff cell `$procdff$465' with negative edge clock.
Creating register for signal `\SB_DFFNER.\Q' using process `\SB_DFFNER.$proc$/usr/local/bin/../share/yosys/ice40/cells_sim.v:1199$240'.
  created $adff cell `$procdff$466' with negative edge clock and positive level reset.
Creating register for signal `\SB_DFFNESR.\Q' using process `\SB_DFFNESR.$proc$/usr/local/bin/../share/yosys/ice40/cells_sim.v:1143$233'.
  created $dff cell `$procdff$467' with negative edge clock.
Creating register for signal `\SB_DFFNS.\Q' using process `\SB_DFFNS.$proc$/usr/local/bin/../share/yosys/ice40/cells_sim.v:1074$230'.
  created $adff cell `$procdff$468' with negative edge clock and positive level reset.
Creating register for signal `\SB_DFFNSS.\Q' using process `\SB_DFFNSS.$proc$/usr/local/bin/../share/yosys/ice40/cells_sim.v:1026$227'.
  created $dff cell `$procdff$469' with negative edge clock.
Creating register for signal `\SB_DFFNR.\Q' using process `\SB_DFFNR.$proc$/usr/local/bin/../share/yosys/ice40/cells_sim.v:957$224'.
  created $adff cell `$procdff$470' with negative edge clock and positive level reset.
Creating register for signal `\SB_DFFNSR.\Q' using process `\SB_DFFNSR.$proc$/usr/local/bin/../share/yosys/ice40/cells_sim.v:909$221'.
  created $dff cell `$procdff$471' with negative edge clock.
Creating register for signal `\SB_DFFNE.\Q' using process `\SB_DFFNE.$proc$/usr/local/bin/../share/yosys/ice40/cells_sim.v:866$219'.
  created $dff cell `$procdff$472' with negative edge clock.
Creating register for signal `\SB_DFFN.\Q' using process `\SB_DFFN.$proc$/usr/local/bin/../share/yosys/ice40/cells_sim.v:830$217'.
  created $dff cell `$procdff$473' with negative edge clock.
Creating register for signal `\SB_DFFES.\Q' using process `\SB_DFFES.$proc$/usr/local/bin/../share/yosys/ice40/cells_sim.v:753$213'.
  created $adff cell `$procdff$474' with positive edge clock and positive level reset.
Creating register for signal `\SB_DFFESS.\Q' using process `\SB_DFFESS.$proc$/usr/local/bin/../share/yosys/ice40/cells_sim.v:697$206'.
  created $dff cell `$procdff$475' with positive edge clock.
Creating register for signal `\SB_DFFER.\Q' using process `\SB_DFFER.$proc$/usr/local/bin/../share/yosys/ice40/cells_sim.v:622$202'.
  created $adff cell `$procdff$476' with positive edge clock and positive level reset.
Creating register for signal `\SB_DFFESR.\Q' using process `\SB_DFFESR.$proc$/usr/local/bin/../share/yosys/ice40/cells_sim.v:566$195'.
  created $dff cell `$procdff$477' with positive edge clock.
Creating register for signal `\SB_DFFS.\Q' using process `\SB_DFFS.$proc$/usr/local/bin/../share/yosys/ice40/cells_sim.v:497$192'.
  created $adff cell `$procdff$478' with positive edge clock and positive level reset.
Creating register for signal `\SB_DFFSS.\Q' using process `\SB_DFFSS.$proc$/usr/local/bin/../share/yosys/ice40/cells_sim.v:449$189'.
  created $dff cell `$procdff$479' with positive edge clock.
Creating register for signal `\SB_DFFR.\Q' using process `\SB_DFFR.$proc$/usr/local/bin/../share/yosys/ice40/cells_sim.v:380$186'.
  created $adff cell `$procdff$480' with positive edge clock and positive level reset.
Creating register for signal `\SB_DFFSR.\Q' using process `\SB_DFFSR.$proc$/usr/local/bin/../share/yosys/ice40/cells_sim.v:332$183'.
  created $dff cell `$procdff$481' with positive edge clock.
Creating register for signal `\SB_DFFE.\Q' using process `\SB_DFFE.$proc$/usr/local/bin/../share/yosys/ice40/cells_sim.v:289$181'.
  created $dff cell `$procdff$482' with positive edge clock.
Creating register for signal `\SB_DFF.\Q' using process `\SB_DFF.$proc$/usr/local/bin/../share/yosys/ice40/cells_sim.v:253$179'.
  created $dff cell `$procdff$483' with positive edge clock.
Creating register for signal `\Adder.\r_adder_stb' using process `\Adder.$proc$../../source/Adder.v:94$2'.
  created $dff cell `$procdff$484' with positive edge clock.
Creating register for signal `\Adder.\r_adder_ack' using process `\Adder.$proc$../../source/Adder.v:94$2'.
  created $dff cell `$procdff$485' with positive edge clock.
Creating register for signal `\Adder.\r_adder_result' using process `\Adder.$proc$../../source/Adder.v:94$2'.
  created $dff cell `$procdff$486' with positive edge clock.
Creating register for signal `\Adder.\r_adder_stall' using process `\Adder.$proc$../../source/Adder.v:94$2'.
  created $dff cell `$procdff$487' with positive edge clock.

2.3.9. Executing PROC_CLEAN pass (remove empty switches from decision trees).
Removing empty process `SB_DFFNES.$proc$/usr/local/bin/../share/yosys/ice40/cells_sim.v:0$254'.
Found and cleaned up 1 empty switch in `\SB_DFFNES.$proc$/usr/local/bin/../share/yosys/ice40/cells_sim.v:1330$251'.
Removing empty process `SB_DFFNES.$proc$/usr/local/bin/../share/yosys/ice40/cells_sim.v:1330$251'.
Removing empty process `SB_DFFNESS.$proc$/usr/local/bin/../share/yosys/ice40/cells_sim.v:0$250'.
Found and cleaned up 2 empty switches in `\SB_DFFNESS.$proc$/usr/local/bin/../share/yosys/ice40/cells_sim.v:1274$244'.
Removing empty process `SB_DFFNESS.$proc$/usr/local/bin/../share/yosys/ice40/cells_sim.v:1274$244'.
Removing empty process `SB_DFFNER.$proc$/usr/local/bin/../share/yosys/ice40/cells_sim.v:0$243'.
Found and cleaned up 1 empty switch in `\SB_DFFNER.$proc$/usr/local/bin/../share/yosys/ice40/cells_sim.v:1199$240'.
Removing empty process `SB_DFFNER.$proc$/usr/local/bin/../share/yosys/ice40/cells_sim.v:1199$240'.
Removing empty process `SB_DFFNESR.$proc$/usr/local/bin/../share/yosys/ice40/cells_sim.v:0$239'.
Found and cleaned up 2 empty switches in `\SB_DFFNESR.$proc$/usr/local/bin/../share/yosys/ice40/cells_sim.v:1143$233'.
Removing empty process `SB_DFFNESR.$proc$/usr/local/bin/../share/yosys/ice40/cells_sim.v:1143$233'.
Removing empty process `SB_DFFNS.$proc$/usr/local/bin/../share/yosys/ice40/cells_sim.v:0$232'.
Removing empty process `SB_DFFNS.$proc$/usr/local/bin/../share/yosys/ice40/cells_sim.v:1074$230'.
Removing empty process `SB_DFFNSS.$proc$/usr/local/bin/../share/yosys/ice40/cells_sim.v:0$229'.
Found and cleaned up 1 empty switch in `\SB_DFFNSS.$proc$/usr/local/bin/../share/yosys/ice40/cells_sim.v:1026$227'.
Removing empty process `SB_DFFNSS.$proc$/usr/local/bin/../share/yosys/ice40/cells_sim.v:1026$227'.
Removing empty process `SB_DFFNR.$proc$/usr/local/bin/../share/yosys/ice40/cells_sim.v:0$226'.
Removing empty process `SB_DFFNR.$proc$/usr/local/bin/../share/yosys/ice40/cells_sim.v:957$224'.
Removing empty process `SB_DFFNSR.$proc$/usr/local/bin/../share/yosys/ice40/cells_sim.v:0$223'.
Found and cleaned up 1 empty switch in `\SB_DFFNSR.$proc$/usr/local/bin/../share/yosys/ice40/cells_sim.v:909$221'.
Removing empty process `SB_DFFNSR.$proc$/usr/local/bin/../share/yosys/ice40/cells_sim.v:909$221'.
Removing empty process `SB_DFFNE.$proc$/usr/local/bin/../share/yosys/ice40/cells_sim.v:0$220'.
Found and cleaned up 1 empty switch in `\SB_DFFNE.$proc$/usr/local/bin/../share/yosys/ice40/cells_sim.v:866$219'.
Removing empty process `SB_DFFNE.$proc$/usr/local/bin/../share/yosys/ice40/cells_sim.v:866$219'.
Removing empty process `SB_DFFN.$proc$/usr/local/bin/../share/yosys/ice40/cells_sim.v:0$218'.
Removing empty process `SB_DFFN.$proc$/usr/local/bin/../share/yosys/ice40/cells_sim.v:830$217'.
Removing empty process `SB_DFFES.$proc$/usr/local/bin/../share/yosys/ice40/cells_sim.v:0$216'.
Found and cleaned up 1 empty switch in `\SB_DFFES.$proc$/usr/local/bin/../share/yosys/ice40/cells_sim.v:753$213'.
Removing empty process `SB_DFFES.$proc$/usr/local/bin/../share/yosys/ice40/cells_sim.v:753$213'.
Removing empty process `SB_DFFESS.$proc$/usr/local/bin/../share/yosys/ice40/cells_sim.v:0$212'.
Found and cleaned up 2 empty switches in `\SB_DFFESS.$proc$/usr/local/bin/../share/yosys/ice40/cells_sim.v:697$206'.
Removing empty process `SB_DFFESS.$proc$/usr/local/bin/../share/yosys/ice40/cells_sim.v:697$206'.
Removing empty process `SB_DFFER.$proc$/usr/local/bin/../share/yosys/ice40/cells_sim.v:0$205'.
Found and cleaned up 1 empty switch in `\SB_DFFER.$proc$/usr/local/bin/../share/yosys/ice40/cells_sim.v:622$202'.
Removing empty process `SB_DFFER.$proc$/usr/local/bin/../share/yosys/ice40/cells_sim.v:622$202'.
Removing empty process `SB_DFFESR.$proc$/usr/local/bin/../share/yosys/ice40/cells_sim.v:0$201'.
Found and cleaned up 2 empty switches in `\SB_DFFESR.$proc$/usr/local/bin/../share/yosys/ice40/cells_sim.v:566$195'.
Removing empty process `SB_DFFESR.$proc$/usr/local/bin/../share/yosys/ice40/cells_sim.v:566$195'.
Removing empty process `SB_DFFS.$proc$/usr/local/bin/../share/yosys/ice40/cells_sim.v:0$194'.
Removing empty process `SB_DFFS.$proc$/usr/local/bin/../share/yosys/ice40/cells_sim.v:497$192'.
Removing empty process `SB_DFFSS.$proc$/usr/local/bin/../share/yosys/ice40/cells_sim.v:0$191'.
Found and cleaned up 1 empty switch in `\SB_DFFSS.$proc$/usr/local/bin/../share/yosys/ice40/cells_sim.v:449$189'.
Removing empty process `SB_DFFSS.$proc$/usr/local/bin/../share/yosys/ice40/cells_sim.v:449$189'.
Removing empty process `SB_DFFR.$proc$/usr/local/bin/../share/yosys/ice40/cells_sim.v:0$188'.
Removing empty process `SB_DFFR.$proc$/usr/local/bin/../share/yosys/ice40/cells_sim.v:380$186'.
Removing empty process `SB_DFFSR.$proc$/usr/local/bin/../share/yosys/ice40/cells_sim.v:0$185'.
Found and cleaned up 1 empty switch in `\SB_DFFSR.$proc$/usr/local/bin/../share/yosys/ice40/cells_sim.v:332$183'.
Removing empty process `SB_DFFSR.$proc$/usr/local/bin/../share/yosys/ice40/cells_sim.v:332$183'.
Removing empty process `SB_DFFE.$proc$/usr/local/bin/../share/yosys/ice40/cells_sim.v:0$182'.
Found and cleaned up 1 empty switch in `\SB_DFFE.$proc$/usr/local/bin/../share/yosys/ice40/cells_sim.v:289$181'.
Removing empty process `SB_DFFE.$proc$/usr/local/bin/../share/yosys/ice40/cells_sim.v:289$181'.
Removing empty process `SB_DFF.$proc$/usr/local/bin/../share/yosys/ice40/cells_sim.v:0$180'.
Removing empty process `SB_DFF.$proc$/usr/local/bin/../share/yosys/ice40/cells_sim.v:253$179'.
Found and cleaned up 4 empty switches in `\Adder.$proc$../../source/Adder.v:94$2'.
Removing empty process `Adder.$proc$../../source/Adder.v:94$2'.
Cleaned up 22 empty switches.

2.4. Executing FLATTEN pass (flatten design).

2.5. Executing TRIBUF pass.

2.6. Executing DEMINOUT pass (demote inout ports to input or output).

2.7. Executing OPT_EXPR pass (perform const folding).
Optimizing module Adder.
<suppressed ~6 debug messages>

2.8. Executing OPT_CLEAN pass (remove unused cells and wires).
Finding unused cells or wires in module \Adder..
Removed 1 unused cells and 18 unused wires.
<suppressed ~2 debug messages>

2.9. Executing CHECK pass (checking for obvious problems).
Checking module Adder...
Found and reported 0 problems.

2.10. Executing OPT pass (performing simple optimizations).

2.10.1. Executing OPT_EXPR pass (perform const folding).
Optimizing module Adder.

2.10.2. Executing OPT_MERGE pass (detect identical cells).
Finding identical cells in module `\Adder'.
Removed a total of 0 cells.

2.10.3. Executing OPT_MUXTREE pass (detect dead branches in mux trees).
Running muxtree optimizer on module \Adder..
  Creating internal representation of mux trees.
  Evaluating internal representation of mux trees.
  Analyzing evaluation results.
Removed 0 multiplexer ports.
<suppressed ~4 debug messages>

2.10.4. Executing OPT_REDUCE pass (consolidate $*mux and $reduce_* inputs).
  Optimizing cells in module \Adder.
Performed a total of 0 changes.

2.10.5. Executing OPT_MERGE pass (detect identical cells).
Finding identical cells in module `\Adder'.
Removed a total of 0 cells.

2.10.6. Executing OPT_DFF pass (perform DFF optimizations).

2.10.7. Executing OPT_CLEAN pass (remove unused cells and wires).
Finding unused cells or wires in module \Adder..

2.10.8. Executing OPT_EXPR pass (perform const folding).
Optimizing module Adder.

2.10.9. Finished OPT passes. (There is nothing left to do.)

2.11. Executing FSM pass (extract and optimize FSM).

2.11.1. Executing FSM_DETECT pass (finding FSMs in design).

2.11.2. Executing FSM_EXTRACT pass (extracting FSM from design).

2.11.3. Executing FSM_OPT pass (simple optimizations of FSMs).

2.11.4. Executing OPT_CLEAN pass (remove unused cells and wires).
Finding unused cells or wires in module \Adder..

2.11.5. Executing FSM_OPT pass (simple optimizations of FSMs).

2.11.6. Executing FSM_RECODE pass (re-assigning FSM state encoding).

2.11.7. Executing FSM_INFO pass (dumping all available information on FSM cells).

2.11.8. Executing FSM_MAP pass (mapping FSMs to basic logic).

2.12. Executing OPT pass (performing simple optimizations).

2.12.1. Executing OPT_EXPR pass (perform const folding).
Optimizing module Adder.

2.12.2. Executing OPT_MERGE pass (detect identical cells).
Finding identical cells in module `\Adder'.
Removed a total of 0 cells.

2.12.3. Executing OPT_MUXTREE pass (detect dead branches in mux trees).
Running muxtree optimizer on module \Adder..
  Creating internal representation of mux trees.
  Evaluating internal representation of mux trees.
  Analyzing evaluation results.
Removed 0 multiplexer ports.
<suppressed ~4 debug messages>

2.12.4. Executing OPT_REDUCE pass (consolidate $*mux and $reduce_* inputs).
  Optimizing cells in module \Adder.
Performed a total of 0 changes.

2.12.5. Executing OPT_MERGE pass (detect identical cells).
Finding identical cells in module `\Adder'.
Removed a total of 0 cells.

2.12.6. Executing OPT_DFF pass (perform DFF optimizations).
Adding SRST signal on $procdff$487 ($dff) from module Adder (D = \i_wb4_master_stall, Q = \r_adder_stall, rval = 1'1).
Adding SRST signal on $procdff$486 ($dff) from module Adder (D = $procmux$459_Y, Q = \r_adder_result, rval = 1'0).
Adding EN signal on $auto$opt_dff.cc:702:run$489 ($sdff) from module Adder (D = $procmux$457_Y, Q = \r_adder_result).
Adding SRST signal on $procdff$485 ($dff) from module Adder (D = $procmux$438_Y, Q = \r_adder_ack, rval = 1'0).
Adding SRST signal on $procdff$484 ($dff) from module Adder (D = $procmux$450_Y, Q = \r_adder_stb, rval = 1'0).
Adding EN signal on $auto$opt_dff.cc:702:run$492 ($sdff) from module Adder (D = $procmux$450_Y, Q = \r_adder_stb).

2.12.7. Executing OPT_CLEAN pass (remove unused cells and wires).
Finding unused cells or wires in module \Adder..
Removed 5 unused cells and 5 unused wires.
<suppressed ~6 debug messages>

2.12.8. Executing OPT_EXPR pass (perform const folding).
Optimizing module Adder.

2.12.9. Rerunning OPT passes. (Maybe there is more to do..)

2.12.10. Executing OPT_MUXTREE pass (detect dead branches in mux trees).
Running muxtree optimizer on module \Adder..
  Creating internal representation of mux trees.
  Evaluating internal representation of mux trees.
  Analyzing evaluation results.
Removed 0 multiplexer ports.
<suppressed ~3 debug messages>

2.12.11. Executing OPT_REDUCE pass (consolidate $*mux and $reduce_* inputs).
  Optimizing cells in module \Adder.
Performed a total of 0 changes.

2.12.12. Executing OPT_MERGE pass (detect identical cells).
Finding identical cells in module `\Adder'.
Removed a total of 0 cells.

2.12.13. Executing OPT_DFF pass (perform DFF optimizations).

2.12.14. Executing OPT_CLEAN pass (remove unused cells and wires).
Finding unused cells or wires in module \Adder..

2.12.15. Executing OPT_EXPR pass (perform const folding).
Optimizing module Adder.

2.12.16. Finished OPT passes. (There is nothing left to do.)

2.13. Executing WREDUCE pass (reducing word size of cells).
Removed cell Adder.$procmux$447 ($mux).
Removed top 1 bits (of 2) from port B of cell Adder.$auto$opt_dff.cc:218:make_patterns_logic$494 ($ne).

2.14. Executing PEEPOPT pass (run peephole optimizers).

2.15. Executing OPT_CLEAN pass (remove unused cells and wires).
Finding unused cells or wires in module \Adder..
Removed 0 unused cells and 1 unused wires.
<suppressed ~1 debug messages>

2.16. Executing SHARE pass (SAT-based resource sharing).

2.17. Executing TECHMAP pass (map to technology primitives).

2.17.1. Executing Verilog-2005 frontend: /usr/local/bin/../share/yosys/cmp2lut.v
Parsing Verilog input from `/usr/local/bin/../share/yosys/cmp2lut.v' to AST representation.
Generating RTLIL representation for module `\_90_lut_cmp_'.
Successfully finished Verilog frontend.

2.17.2. Continuing TECHMAP pass.
No more expansions possible.
<suppressed ~6 debug messages>

2.18. Executing OPT_EXPR pass (perform const folding).
Optimizing module Adder.

2.19. Executing OPT_CLEAN pass (remove unused cells and wires).
Finding unused cells or wires in module \Adder..

2.20. Executing ALUMACC pass (create $alu and $macc cells).
Extracting $alu and $macc cells in module Adder:
  creating $macc model for $add$../../source/Adder.v:116$9 ($add).
  creating $macc model for $sub$../../source/Adder.v:112$8 ($sub).
  creating $alu model for $macc $sub$../../source/Adder.v:112$8.
  creating $alu model for $macc $add$../../source/Adder.v:116$9.
  creating $alu cell for $add$../../source/Adder.v:116$9: $auto$alumacc.cc:485:replace_alu$496
  creating $alu cell for $sub$../../source/Adder.v:112$8: $auto$alumacc.cc:485:replace_alu$499
  created 2 $alu and 0 $macc cells.

2.21. Executing OPT pass (performing simple optimizations).

2.21.1. Executing OPT_EXPR pass (perform const folding).
Optimizing module Adder.

2.21.2. Executing OPT_MERGE pass (detect identical cells).
Finding identical cells in module `\Adder'.
Removed a total of 0 cells.

2.21.3. Executing OPT_MUXTREE pass (detect dead branches in mux trees).
Running muxtree optimizer on module \Adder..
  Creating internal representation of mux trees.
  Evaluating internal representation of mux trees.
  Analyzing evaluation results.
Removed 0 multiplexer ports.
<suppressed ~3 debug messages>

2.21.4. Executing OPT_REDUCE pass (consolidate $*mux and $reduce_* inputs).
  Optimizing cells in module \Adder.
Performed a total of 0 changes.

2.21.5. Executing OPT_MERGE pass (detect identical cells).
Finding identical cells in module `\Adder'.
<suppressed ~3 debug messages>
Removed a total of 1 cells.

2.21.6. Executing OPT_DFF pass (perform DFF optimizations).

2.21.7. Executing OPT_CLEAN pass (remove unused cells and wires).
Finding unused cells or wires in module \Adder..
Removed 0 unused cells and 1 unused wires.
<suppressed ~1 debug messages>

2.21.8. Executing OPT_EXPR pass (perform const folding).
Optimizing module Adder.

2.21.9. Rerunning OPT passes. (Maybe there is more to do..)

2.21.10. Executing OPT_MUXTREE pass (detect dead branches in mux trees).
Running muxtree optimizer on module \Adder..
  Creating internal representation of mux trees.
  Evaluating internal representation of mux trees.
  Analyzing evaluation results.
Removed 0 multiplexer ports.
<suppressed ~2 debug messages>

2.21.11. Executing OPT_REDUCE pass (consolidate $*mux and $reduce_* inputs).
  Optimizing cells in module \Adder.
Performed a total of 0 changes.

2.21.12. Executing OPT_MERGE pass (detect identical cells).
Finding identical cells in module `\Adder'.
Removed a total of 0 cells.

2.21.13. Executing OPT_DFF pass (perform DFF optimizations).

2.21.14. Executing OPT_CLEAN pass (remove unused cells and wires).
Finding unused cells or wires in module \Adder..

2.21.15. Executing OPT_EXPR pass (perform const folding).
Optimizing module Adder.

2.21.16. Finished OPT passes. (There is nothing left to do.)

2.22. Executing MEMORY pass.

2.22.1. Executing OPT_MEM pass (optimize memories).
Performed a total of 0 transformations.

2.22.2. Executing MEMORY_DFF pass (merging $dff cells to $memrd and $memwr).

2.22.3. Executing OPT_CLEAN pass (remove unused cells and wires).
Finding unused cells or wires in module \Adder..

2.22.4. Executing MEMORY_SHARE pass (consolidating $memrd/$memwr cells).

2.22.5. Executing OPT_CLEAN pass (remove unused cells and wires).
Finding unused cells or wires in module \Adder..

2.22.6. Executing MEMORY_COLLECT pass (generating $mem cells).

2.23. Executing OPT_CLEAN pass (remove unused cells and wires).
Finding unused cells or wires in module \Adder..

2.24. Executing MEMORY_BRAM pass (mapping $mem cells to block memories).

2.25. Executing TECHMAP pass (map to technology primitives).

2.25.1. Executing Verilog-2005 frontend: /usr/local/bin/../share/yosys/ice40/brams_map.v
Parsing Verilog input from `/usr/local/bin/../share/yosys/ice40/brams_map.v' to AST representation.
Generating RTLIL representation for module `\$__ICE40_RAM4K'.
Generating RTLIL representation for module `\$__ICE40_RAM4K_M0'.
Generating RTLIL representation for module `\$__ICE40_RAM4K_M123'.
Successfully finished Verilog frontend.

2.25.2. Continuing TECHMAP pass.
No more expansions possible.
<suppressed ~5 debug messages>

2.26. Executing ICE40_BRAMINIT pass.

2.27. Executing OPT pass (performing simple optimizations).

2.27.1. Executing OPT_EXPR pass (perform const folding).
Optimizing module Adder.
<suppressed ~1 debug messages>

2.27.2. Executing OPT_MERGE pass (detect identical cells).
Finding identical cells in module `\Adder'.
Removed a total of 0 cells.

2.27.3. Executing OPT_DFF pass (perform DFF optimizations).

2.27.4. Executing OPT_CLEAN pass (remove unused cells and wires).
Finding unused cells or wires in module \Adder..
Removed 0 unused cells and 1 unused wires.
<suppressed ~1 debug messages>

2.27.5. Finished fast OPT passes.

2.28. Executing MEMORY_MAP pass (converting memories to logic and flip-flops).

2.29. Executing OPT pass (performing simple optimizations).

2.29.1. Executing OPT_EXPR pass (perform const folding).
Optimizing module Adder.

2.29.2. Executing OPT_MERGE pass (detect identical cells).
Finding identical cells in module `\Adder'.
Removed a total of 0 cells.

2.29.3. Executing OPT_MUXTREE pass (detect dead branches in mux trees).
Running muxtree optimizer on module \Adder..
  Creating internal representation of mux trees.
  Evaluating internal representation of mux trees.
  Analyzing evaluation results.
Removed 0 multiplexer ports.
<suppressed ~1 debug messages>

2.29.4. Executing OPT_REDUCE pass (consolidate $*mux and $reduce_* inputs).
  Optimizing cells in module \Adder.
Performed a total of 0 changes.

2.29.5. Executing OPT_MERGE pass (detect identical cells).
Finding identical cells in module `\Adder'.
Removed a total of 0 cells.

2.29.6. Executing OPT_DFF pass (perform DFF optimizations).

2.29.7. Executing OPT_CLEAN pass (remove unused cells and wires).
Finding unused cells or wires in module \Adder..

2.29.8. Executing OPT_EXPR pass (perform const folding).
Optimizing module Adder.

2.29.9. Finished OPT passes. (There is nothing left to do.)

2.30. Executing ICE40_WRAPCARRY pass (wrap carries).

2.31. Executing TECHMAP pass (map to technology primitives).

2.31.1. Executing Verilog-2005 frontend: /usr/local/bin/../share/yosys/techmap.v
Parsing Verilog input from `/usr/local/bin/../share/yosys/techmap.v' to AST representation.
Generating RTLIL representation for module `\_90_simplemap_bool_ops'.
Generating RTLIL representation for module `\_90_simplemap_reduce_ops'.
Generating RTLIL representation for module `\_90_simplemap_logic_ops'.
Generating RTLIL representation for module `\_90_simplemap_compare_ops'.
Generating RTLIL representation for module `\_90_simplemap_various'.
Generating RTLIL representation for module `\_90_simplemap_registers'.
Generating RTLIL representation for module `\_90_shift_ops_shr_shl_sshl_sshr'.
Generating RTLIL representation for module `\_90_shift_shiftx'.
Generating RTLIL representation for module `\_90_fa'.
Generating RTLIL representation for module `\_90_lcu'.
Generating RTLIL representation for module `\_90_alu'.
Generating RTLIL representation for module `\_90_macc'.
Generating RTLIL representation for module `\_90_alumacc'.
Generating RTLIL representation for module `\$__div_mod_u'.
Generating RTLIL representation for module `\$__div_mod_trunc'.
Generating RTLIL representation for module `\_90_div'.
Generating RTLIL representation for module `\_90_mod'.
Generating RTLIL representation for module `\$__div_mod_floor'.
Generating RTLIL representation for module `\_90_divfloor'.
Generating RTLIL representation for module `\_90_modfloor'.
Generating RTLIL representation for module `\_90_pow'.
Generating RTLIL representation for module `\_90_pmux'.
Generating RTLIL representation for module `\_90_lut'.
Successfully finished Verilog frontend.

2.31.2. Executing Verilog-2005 frontend: /usr/local/bin/../share/yosys/ice40/arith_map.v
Parsing Verilog input from `/usr/local/bin/../share/yosys/ice40/arith_map.v' to AST representation.
Generating RTLIL representation for module `\_80_ice40_alu'.
Successfully finished Verilog frontend.

2.31.3. Continuing TECHMAP pass.
Using extmapper simplemap for cells of type $and.
Using extmapper simplemap for cells of type $not.
Using extmapper simplemap for cells of type $logic_and.
Using template $paramod\_90_alu\A_SIGNED=0\B_SIGNED=0\A_WIDTH=1\B_WIDTH=1\Y_WIDTH=1 for cells of type $alu.
Using extmapper simplemap for cells of type $mux.
Using extmapper simplemap for cells of type $sdffe.
Using extmapper simplemap for cells of type $ne.
Using extmapper simplemap for cells of type $sdff.
Using extmapper simplemap for cells of type $xor.
Using template $paramod\_90_lcu\WIDTH=1 for cells of type $lcu.
Using extmapper simplemap for cells of type $pos.
Using extmapper simplemap for cells of type $or.
No more expansions possible.
<suppressed ~225 debug messages>

2.32. Executing OPT pass (performing simple optimizations).

2.32.1. Executing OPT_EXPR pass (perform const folding).
Optimizing module Adder.
<suppressed ~11 debug messages>

2.32.2. Executing OPT_MERGE pass (detect identical cells).
Finding identical cells in module `\Adder'.
Removed a total of 0 cells.

2.32.3. Executing OPT_DFF pass (perform DFF optimizations).

2.32.4. Executing OPT_CLEAN pass (remove unused cells and wires).
Finding unused cells or wires in module \Adder..
Removed 4 unused cells and 55 unused wires.
<suppressed ~5 debug messages>

2.32.5. Finished fast OPT passes.

2.33. Executing ICE40_OPT pass (performing simple optimizations).

2.33.1. Running ICE40 specific optimizations.

2.33.2. Executing OPT_EXPR pass (perform const folding).
Optimizing module Adder.

2.33.3. Executing OPT_MERGE pass (detect identical cells).
Finding identical cells in module `\Adder'.
Removed a total of 0 cells.

2.33.4. Executing OPT_DFF pass (perform DFF optimizations).

2.33.5. Executing OPT_CLEAN pass (remove unused cells and wires).
Finding unused cells or wires in module \Adder..

2.33.6. Finished OPT passes. (There is nothing left to do.)

2.34. Executing DFFLEGALIZE pass (convert FFs to types supported by the target).

2.35. Executing TECHMAP pass (map to technology primitives).

2.35.1. Executing Verilog-2005 frontend: /usr/local/bin/../share/yosys/ice40/ff_map.v
Parsing Verilog input from `/usr/local/bin/../share/yosys/ice40/ff_map.v' to AST representation.
Generating RTLIL representation for module `\$_DFF_N_'.
Generating RTLIL representation for module `\$_DFF_P_'.
Generating RTLIL representation for module `\$_DFFE_NP_'.
Generating RTLIL representation for module `\$_DFFE_PP_'.
Generating RTLIL representation for module `\$_DFF_NP0_'.
Generating RTLIL representation for module `\$_DFF_NP1_'.
Generating RTLIL representation for module `\$_DFF_PP0_'.
Generating RTLIL representation for module `\$_DFF_PP1_'.
Generating RTLIL representation for module `\$_DFFE_NP0P_'.
Generating RTLIL representation for module `\$_DFFE_NP1P_'.
Generating RTLIL representation for module `\$_DFFE_PP0P_'.
Generating RTLIL representation for module `\$_DFFE_PP1P_'.
Generating RTLIL representation for module `\$_SDFF_NP0_'.
Generating RTLIL representation for module `\$_SDFF_NP1_'.
Generating RTLIL representation for module `\$_SDFF_PP0_'.
Generating RTLIL representation for module `\$_SDFF_PP1_'.
Generating RTLIL representation for module `\$_SDFFCE_NP0P_'.
Generating RTLIL representation for module `\$_SDFFCE_NP1P_'.
Generating RTLIL representation for module `\$_SDFFCE_PP0P_'.
Generating RTLIL representation for module `\$_SDFFCE_PP1P_'.
Successfully finished Verilog frontend.

2.35.2. Continuing TECHMAP pass.
Using template \$_SDFFCE_PP0P_ for cells of type $_SDFFCE_PP0P_.
Using template \$_SDFF_PP1_ for cells of type $_SDFF_PP1_.
Using template \$_SDFF_PP0_ for cells of type $_SDFF_PP0_.
No more expansions possible.
<suppressed ~26 debug messages>

2.36. Executing OPT_EXPR pass (perform const folding).
Optimizing module Adder.

2.37. Executing SIMPLEMAP pass (map simple cells to gate primitives).

2.38. Executing ICE40_OPT pass (performing simple optimizations).

2.38.1. Running ICE40 specific optimizations.

2.38.2. Executing OPT_EXPR pass (perform const folding).
Optimizing module Adder.

2.38.3. Executing OPT_MERGE pass (detect identical cells).
Finding identical cells in module `\Adder'.
Removed a total of 0 cells.

2.38.4. Executing OPT_DFF pass (perform DFF optimizations).

2.38.5. Executing OPT_CLEAN pass (remove unused cells and wires).
Finding unused cells or wires in module \Adder..
Removed 0 unused cells and 22 unused wires.
<suppressed ~1 debug messages>

2.38.6. Rerunning OPT passes. (Removed registers in this run.)

2.38.7. Running ICE40 specific optimizations.

2.38.8. Executing OPT_EXPR pass (perform const folding).
Optimizing module Adder.

2.38.9. Executing OPT_MERGE pass (detect identical cells).
Finding identical cells in module `\Adder'.
Removed a total of 0 cells.

2.38.10. Executing OPT_DFF pass (perform DFF optimizations).

2.38.11. Executing OPT_CLEAN pass (remove unused cells and wires).
Finding unused cells or wires in module \Adder..

2.38.12. Finished OPT passes. (There is nothing left to do.)

2.39. Executing TECHMAP pass (map to technology primitives).

2.39.1. Executing Verilog-2005 frontend: /usr/local/bin/../share/yosys/ice40/latches_map.v
Parsing Verilog input from `/usr/local/bin/../share/yosys/ice40/latches_map.v' to AST representation.
Generating RTLIL representation for module `\$_DLATCH_N_'.
Generating RTLIL representation for module `\$_DLATCH_P_'.
Successfully finished Verilog frontend.

2.39.2. Continuing TECHMAP pass.
No more expansions possible.
<suppressed ~4 debug messages>

2.40. Executing ABC pass (technology mapping using ABC).

2.40.1. Extracting gate netlist of module `\Adder' to `<abc-temp-dir>/input.blif'..
Extracted 12 gates and 19 wires to a netlist network with 7 inputs and 5 outputs.

2.40.1.1. Executing ABC.
Running ABC command: <yosys-exe-dir>/yosys-abc -s -f <abc-temp-dir>/abc.script 2>&1
ABC: ABC command line: "source <abc-temp-dir>/abc.script".
ABC: 
ABC: + read_blif <abc-temp-dir>/input.blif 
ABC: + read_lut <abc-temp-dir>/lutdefs.txt 
ABC: + strash 
ABC: + ifraig 
ABC: + scorr 
ABC: Warning: The network is combinational (run "fraig" or "fraig_sweep").
ABC: + dc2 
ABC: + dretime 
ABC: + strash 
ABC: + dch -f 
ABC: + if 
ABC: + mfs2 
ABC: + lutpack -S 1 
ABC: + dress 
ABC: Total number of equiv classes                =       6.
ABC: Participating nodes from both networks       =      14.
ABC: Participating nodes from the first network   =       5. (  83.33 % of nodes)
ABC: Participating nodes from the second network  =       9. ( 150.00 % of nodes)
ABC: Node pairs (any polarity)                    =       5. (  83.33 % of names can be moved)
ABC: Node pairs (same polarity)                   =       5. (  83.33 % of names can be moved)
ABC: Total runtime =     0.00 sec
ABC: + write_blif <abc-temp-dir>/output.blif 

2.40.1.2. Re-integrating ABC results.
ABC RESULTS:              $lut cells:        5
ABC RESULTS:        internal signals:        7
ABC RESULTS:           input signals:        7
ABC RESULTS:          output signals:        5
Removing temp directory.

2.41. Executing ICE40_WRAPCARRY pass (wrap carries).

2.42. Executing TECHMAP pass (map to technology primitives).

2.42.1. Executing Verilog-2005 frontend: /usr/local/bin/../share/yosys/ice40/ff_map.v
Parsing Verilog input from `/usr/local/bin/../share/yosys/ice40/ff_map.v' to AST representation.
Generating RTLIL representation for module `\$_DFF_N_'.
Generating RTLIL representation for module `\$_DFF_P_'.
Generating RTLIL representation for module `\$_DFFE_NP_'.
Generating RTLIL representation for module `\$_DFFE_PP_'.
Generating RTLIL representation for module `\$_DFF_NP0_'.
Generating RTLIL representation for module `\$_DFF_NP1_'.
Generating RTLIL representation for module `\$_DFF_PP0_'.
Generating RTLIL representation for module `\$_DFF_PP1_'.
Generating RTLIL representation for module `\$_DFFE_NP0P_'.
Generating RTLIL representation for module `\$_DFFE_NP1P_'.
Generating RTLIL representation for module `\$_DFFE_PP0P_'.
Generating RTLIL representation for module `\$_DFFE_PP1P_'.
Generating RTLIL representation for module `\$_SDFF_NP0_'.
Generating RTLIL representation for module `\$_SDFF_NP1_'.
Generating RTLIL representation for module `\$_SDFF_PP0_'.
Generating RTLIL representation for module `\$_SDFF_PP1_'.
Generating RTLIL representation for module `\$_SDFFCE_NP0P_'.
Generating RTLIL representation for module `\$_SDFFCE_NP1P_'.
Generating RTLIL representation for module `\$_SDFFCE_PP0P_'.
Generating RTLIL representation for module `\$_SDFFCE_PP1P_'.
Successfully finished Verilog frontend.

2.42.2. Continuing TECHMAP pass.
No more expansions possible.
<suppressed ~22 debug messages>
Removed 0 unused cells and 19 unused wires.

2.43. Executing OPT_LUT pass (optimize LUTs).
Discovering LUTs.
Number of LUTs:        5
  2-LUT                2
  3-LUT                1
  4-LUT                2

Eliminating LUTs.
Number of LUTs:        5
  2-LUT                2
  3-LUT                1
  4-LUT                2

Combining LUTs.
Number of LUTs:        5
  2-LUT                2
  3-LUT                1
  4-LUT                2

Eliminated 0 LUTs.
Combined 0 LUTs.
<suppressed ~10 debug messages>

2.44. Executing TECHMAP pass (map to technology primitives).

2.44.1. Executing Verilog-2005 frontend: /usr/local/bin/../share/yosys/ice40/cells_map.v
Parsing Verilog input from `/usr/local/bin/../share/yosys/ice40/cells_map.v' to AST representation.
Generating RTLIL representation for module `\$lut'.
Successfully finished Verilog frontend.

2.44.2. Continuing TECHMAP pass.
Using template $paramod\$lut\WIDTH=2\LUT=4'1000 for cells of type $lut.
Using template $paramod\$lut\WIDTH=4\LUT=16'1011111111111111 for cells of type $lut.
Using template $paramod\$lut\WIDTH=3\LUT=8'01110000 for cells of type $lut.
Using template $paramod\$lut\WIDTH=2\LUT=4'0110 for cells of type $lut.
Using template $paramod\$lut\WIDTH=4\LUT=16'1111111101110000 for cells of type $lut.
No more expansions possible.
<suppressed ~73 debug messages>
Removed 0 unused cells and 10 unused wires.

2.45. Executing AUTONAME pass.
Renamed 17 objects in module Adder (3 iterations).
<suppressed ~13 debug messages>

2.46. Executing HIERARCHY pass (managing design hierarchy).

2.46.1. Analyzing design hierarchy..
Top module:  \Adder

2.46.2. Analyzing design hierarchy..
Top module:  \Adder
Removed 0 unused modules.

2.47. Printing statistics.

=== Adder ===

   Number of wires:                 20
   Number of wire bits:             21
   Number of public wires:          20
   Number of public wire bits:      21
   Number of memories:               0
   Number of memory bits:            0
   Number of processes:              0
   Number of cells:                  9
     SB_DFFESR                       2
     SB_DFFSR                        1
     SB_DFFSS                        1
     SB_LUT4                         5

2.48. Executing CHECK pass (checking for obvious problems).
Checking module Adder...
Found and reported 0 problems.

2.49. Executing JSON backend.

3. Executing JSON backend.

End of script. Logfile hash: 7fd0ab4811, CPU: user 0.43s system 0.01s, MEM: 54.54 MB peak
Yosys 0.9+3814 (git sha1 da1d06d7, gcc 10.2.0-13ubuntu1 -fPIC -Os)
Time spent: 35% 12x read_verilog (0 sec), 20% 1x abc (0 sec), ...
